[debug] [2024-02-24T23:09:20.547Z] ----------------------------------------------------------------------
[debug] [2024-02-24T23:09:20.548Z] Command:       /opt/homebrew/Cellar/node@18/18.19.0/bin/node /opt/homebrew/bin/firebase deploy
[debug] [2024-02-24T23:09:20.549Z] CLI Version:   11.28.0
[debug] [2024-02-24T23:09:20.549Z] Platform:      darwin
[debug] [2024-02-24T23:09:20.549Z] Node Version:  v18.19.0
[debug] [2024-02-24T23:09:20.550Z] Time:          Sat Feb 24 2024 15:09:20 GMT-0800 (Pacific Standard Time)
[debug] [2024-02-24T23:09:20.550Z] ----------------------------------------------------------------------
[debug] 
[debug] [2024-02-24T23:09:20.590Z] > command requires scopes: ["email","openid","https://www.googleapis.com/auth/cloudplatformprojects.readonly","https://www.googleapis.com/auth/firebase","https://www.googleapis.com/auth/cloud-platform"]
[debug] [2024-02-24T23:09:20.591Z] > authorizing via signed-in user (girividyas@gmail.com)
[debug] [2024-02-24T23:09:20.591Z] [iam] checking project on-our-terms for permissions ["firebase.projects.get","firebasehosting.sites.update"]
[debug] [2024-02-24T23:09:20.592Z] >>> [apiv2][query] POST https://cloudresourcemanager.googleapis.com/v1/projects/on-our-terms:testIamPermissions [none]
[debug] [2024-02-24T23:09:20.592Z] >>> [apiv2][(partial)header] POST https://cloudresourcemanager.googleapis.com/v1/projects/on-our-terms:testIamPermissions x-goog-quota-user=projects/on-our-terms
[debug] [2024-02-24T23:09:20.592Z] >>> [apiv2][body] POST https://cloudresourcemanager.googleapis.com/v1/projects/on-our-terms:testIamPermissions {"permissions":["firebase.projects.get","firebasehosting.sites.update"]}
[debug] [2024-02-24T23:09:21.111Z] <<< [apiv2][status] POST https://cloudresourcemanager.googleapis.com/v1/projects/on-our-terms:testIamPermissions 200
[debug] [2024-02-24T23:09:21.111Z] <<< [apiv2][body] POST https://cloudresourcemanager.googleapis.com/v1/projects/on-our-terms:testIamPermissions {"permissions":["firebase.projects.get","firebasehosting.sites.update"]}
[debug] [2024-02-24T23:09:21.112Z] >>> [apiv2][query] GET https://firebase.googleapis.com/v1beta1/projects/on-our-terms [none]
[debug] [2024-02-24T23:09:21.461Z] <<< [apiv2][status] GET https://firebase.googleapis.com/v1beta1/projects/on-our-terms 200
[debug] [2024-02-24T23:09:21.461Z] <<< [apiv2][body] GET https://firebase.googleapis.com/v1beta1/projects/on-our-terms {"projectId":"on-our-terms","projectNumber":"366420782301","displayName":"on-our-terms","name":"projects/on-our-terms","resources":{"hostingSite":"on-our-terms"},"state":"ACTIVE","etag":"1_57c8fd1b-4bd3-4dee-adb1-a30ee92317ac"}
[info] 
[info] === Deploying to 'on-our-terms'...
[info] 
[info] i  deploying hosting 
[debug] [2024-02-24T23:09:21.467Z] >>> [apiv2][query] POST https://firebasehosting.googleapis.com/v1beta1/projects/-/sites/on-our-terms/versions [none]
[debug] [2024-02-24T23:09:21.467Z] >>> [apiv2][body] POST https://firebasehosting.googleapis.com/v1beta1/projects/-/sites/on-our-terms/versions {"status":"CREATED","labels":{"deployment-tool":"cli-firebase"}}
[debug] [2024-02-24T23:09:22.162Z] <<< [apiv2][status] POST https://firebasehosting.googleapis.com/v1beta1/projects/-/sites/on-our-terms/versions 200
[debug] [2024-02-24T23:09:22.163Z] <<< [apiv2][body] POST https://firebasehosting.googleapis.com/v1beta1/projects/-/sites/on-our-terms/versions {"name":"projects/366420782301/sites/on-our-terms/versions/8942d6c7ef952de4","status":"CREATED","config":{},"labels":{"deployment-tool":"cli-firebase"}}
[info] i  hosting[on-our-terms]: beginning deploy... 
[info] i  hosting[on-our-terms]: found 13 files in build 
[debug] [2024-02-24T23:09:22.173Z] [hosting] uploading with 200 concurrency
[debug] [2024-02-24T23:09:22.589Z] [hosting] hash cache [YnVpbGQ] stored for 13 files
[debug] [2024-02-24T23:09:22.589Z] [hosting][hash queue][FINAL] {"max":409,"min":6,"avg":42.07692307692308,"active":0,"complete":13,"success":13,"errored":0,"retried":0,"total":13,"elapsed":413}
[debug] [2024-02-24T23:09:22.589Z] >>> [apiv2][query] POST https://firebasehosting.googleapis.com/v1beta1/projects/366420782301/sites/on-our-terms/versions/8942d6c7ef952de4:populateFiles [none]
[debug] [2024-02-24T23:09:22.589Z] >>> [apiv2][body] POST https://firebasehosting.googleapis.com/v1beta1/projects/366420782301/sites/on-our-terms/versions/8942d6c7ef952de4:populateFiles {"files":{"/asset-manifest.json":"efc1dea2ce452ed0a26741f2e1661e0ae44ec033a30dc63d53eaad26947a0276","/404.html":"05cbc6f94d7a69ce2e29646eab13be2c884e61ba93e3094df5028866876d18b3","/index.html":"e061ebf3195404b4a8b95e131480fd227a62cb6e3ae884a82f0344deab8cd4fb","/static/css/main.3707c6cb.css":"d8714fb9cf053b6e0059cf50f6caa670344b8a0be9198abd84f45c121979ff26","/manifest.json":"c773db71b1c43bec6b5f0cee7d701fb5683684787744279cf52f48ee8f85e566","/robots.txt":"391d14b3c2f8c9143a27a28c7399585142228d4d1bdbe2c87ac946de411fa9a2","/static/css/main.3707c6cb.css.map":"d8b7e64a9091487761238df58d4da6aa3572521eb39d3f29b0fae76e70c1f01f","/static/js/787.b244cc70.chunk.js":"35ae8010279206b26c0f065fa0afb8f9a53121f97b42c0b6d988cb9fa388a6f7","/static/js/main.677d7019.js.LICENSE.txt":"77b33fa993dcf8683fc4afb90bc3db2947bea7717311615790bdf01c413506f5","/static/js/787.b244cc70.chunk.js.map":"9a9af631442d37ee39660dd6254caa5d577827dd64f469b8a7f2bb49932a3cf4","/favicon.svg":"49f9f31f0e247cf301e3db17703671208a0b2896963567d70fa80e566742b33e","/static/js/main.677d7019.js":"ca33f27c7b8b34a1a6a1a6ff8e55ff4caefa3e1a57b9d32c5200d8c6be931c94","/static/js/main.677d7019.js.map":"274150fd4575622a881931368372d32ecee684d245302b192b8dc85ae508bafb"}}
[debug] [2024-02-24T23:09:23.095Z] <<< [apiv2][status] POST https://firebasehosting.googleapis.com/v1beta1/projects/366420782301/sites/on-our-terms/versions/8942d6c7ef952de4:populateFiles 200
[debug] [2024-02-24T23:09:23.096Z] <<< [apiv2][body] POST https://firebasehosting.googleapis.com/v1beta1/projects/366420782301/sites/on-our-terms/versions/8942d6c7ef952de4:populateFiles {"uploadRequiredHashes":["ca33f27c7b8b34a1a6a1a6ff8e55ff4caefa3e1a57b9d32c5200d8c6be931c94","e061ebf3195404b4a8b95e131480fd227a62cb6e3ae884a82f0344deab8cd4fb","274150fd4575622a881931368372d32ecee684d245302b192b8dc85ae508bafb","efc1dea2ce452ed0a26741f2e1661e0ae44ec033a30dc63d53eaad26947a0276"],"uploadUrl":"https://upload-firebasehosting.googleapis.com/upload/sites/on-our-terms/versions/8942d6c7ef952de4/files"}
[debug] [2024-02-24T23:09:23.096Z] >>> [apiv2][query] POST https://upload-firebasehosting.googleapis.com/upload/sites/on-our-terms/versions/8942d6c7ef952de4/files/ca33f27c7b8b34a1a6a1a6ff8e55ff4caefa3e1a57b9d32c5200d8c6be931c94 [none]
[debug] [2024-02-24T23:09:23.096Z] >>> [apiv2][body] POST https://upload-firebasehosting.googleapis.com/upload/sites/on-our-terms/versions/8942d6c7ef952de4/files/ca33f27c7b8b34a1a6a1a6ff8e55ff4caefa3e1a57b9d32c5200d8c6be931c94 [stream]
[debug] [2024-02-24T23:09:23.098Z] >>> [apiv2][query] POST https://upload-firebasehosting.googleapis.com/upload/sites/on-our-terms/versions/8942d6c7ef952de4/files/e061ebf3195404b4a8b95e131480fd227a62cb6e3ae884a82f0344deab8cd4fb [none]
[debug] [2024-02-24T23:09:23.098Z] >>> [apiv2][body] POST https://upload-firebasehosting.googleapis.com/upload/sites/on-our-terms/versions/8942d6c7ef952de4/files/e061ebf3195404b4a8b95e131480fd227a62cb6e3ae884a82f0344deab8cd4fb [stream]
[debug] [2024-02-24T23:09:23.098Z] >>> [apiv2][query] POST https://upload-firebasehosting.googleapis.com/upload/sites/on-our-terms/versions/8942d6c7ef952de4/files/274150fd4575622a881931368372d32ecee684d245302b192b8dc85ae508bafb [none]
[debug] [2024-02-24T23:09:23.098Z] >>> [apiv2][body] POST https://upload-firebasehosting.googleapis.com/upload/sites/on-our-terms/versions/8942d6c7ef952de4/files/274150fd4575622a881931368372d32ecee684d245302b192b8dc85ae508bafb [stream]
[debug] [2024-02-24T23:09:23.099Z] >>> [apiv2][query] POST https://upload-firebasehosting.googleapis.com/upload/sites/on-our-terms/versions/8942d6c7ef952de4/files/efc1dea2ce452ed0a26741f2e1661e0ae44ec033a30dc63d53eaad26947a0276 [none]
[debug] [2024-02-24T23:09:23.099Z] >>> [apiv2][body] POST https://upload-firebasehosting.googleapis.com/upload/sites/on-our-terms/versions/8942d6c7ef952de4/files/efc1dea2ce452ed0a26741f2e1661e0ae44ec033a30dc63d53eaad26947a0276 [stream]
[debug] [2024-02-24T23:09:23.100Z] [hosting][populate queue][FINAL] {"max":508,"min":508,"avg":508,"active":0,"complete":1,"success":1,"errored":0,"retried":0,"total":1,"elapsed":512}
[debug] [2024-02-24T23:09:23.100Z] [hosting] uploads queued: 4
[debug] [2024-02-24T23:09:23.597Z] <<< [apiv2][status] POST https://upload-firebasehosting.googleapis.com/upload/sites/on-our-terms/versions/8942d6c7ef952de4/files/efc1dea2ce452ed0a26741f2e1661e0ae44ec033a30dc63d53eaad26947a0276 200
[debug] [2024-02-24T23:09:23.597Z] <<< [apiv2][body] POST https://upload-firebasehosting.googleapis.com/upload/sites/on-our-terms/versions/8942d6c7ef952de4/files/efc1dea2ce452ed0a26741f2e1661e0ae44ec033a30dc63d53eaad26947a0276 [stream]
[debug] [2024-02-24T23:09:23.739Z] <<< [apiv2][status] POST https://upload-firebasehosting.googleapis.com/upload/sites/on-our-terms/versions/8942d6c7ef952de4/files/ca33f27c7b8b34a1a6a1a6ff8e55ff4caefa3e1a57b9d32c5200d8c6be931c94 200
[debug] [2024-02-24T23:09:23.739Z] <<< [apiv2][body] POST https://upload-firebasehosting.googleapis.com/upload/sites/on-our-terms/versions/8942d6c7ef952de4/files/ca33f27c7b8b34a1a6a1a6ff8e55ff4caefa3e1a57b9d32c5200d8c6be931c94 [stream]
[debug] [2024-02-24T23:09:23.762Z] <<< [apiv2][status] POST https://upload-firebasehosting.googleapis.com/upload/sites/on-our-terms/versions/8942d6c7ef952de4/files/e061ebf3195404b4a8b95e131480fd227a62cb6e3ae884a82f0344deab8cd4fb 200
[debug] [2024-02-24T23:09:23.762Z] <<< [apiv2][body] POST https://upload-firebasehosting.googleapis.com/upload/sites/on-our-terms/versions/8942d6c7ef952de4/files/e061ebf3195404b4a8b95e131480fd227a62cb6e3ae884a82f0344deab8cd4fb [stream]
[debug] [2024-02-24T23:09:24.048Z] <<< [apiv2][status] POST https://upload-firebasehosting.googleapis.com/upload/sites/on-our-terms/versions/8942d6c7ef952de4/files/274150fd4575622a881931368372d32ecee684d245302b192b8dc85ae508bafb 200
[debug] [2024-02-24T23:09:24.048Z] <<< [apiv2][body] POST https://upload-firebasehosting.googleapis.com/upload/sites/on-our-terms/versions/8942d6c7ef952de4/files/274150fd4575622a881931368372d32ecee684d245302b192b8dc85ae508bafb [stream]
[debug] [2024-02-24T23:09:24.048Z] [hosting][upload queue][FINAL] {"max":952,"min":501,"avg":690.5,"active":0,"complete":4,"success":4,"errored":0,"retried":0,"total":4,"elapsed":952}
[info] ✔  hosting[on-our-terms]: file upload complete 
[debug] [2024-02-24T23:09:24.048Z] [hosting] deploy completed after 1883ms
[debug] [2024-02-24T23:09:24.050Z] [
  {
    "config": {
      "public": "build",
      "ignore": [
        "firebase.json",
        "**/.*",
        "**/node_modules/**"
      ],
      "rewrites": [
        {
          "source": "**",
          "destination": "/index.html"
        }
      ],
      "site": "on-our-terms"
    },
    "version": "projects/366420782301/sites/on-our-terms/versions/8942d6c7ef952de4"
  }
]
[info] i  hosting[on-our-terms]: finalizing version... 
[debug] [2024-02-24T23:09:24.051Z] >>> [apiv2][query] PATCH https://firebasehosting.googleapis.com/v1beta1/projects/-/sites/on-our-terms/versions/8942d6c7ef952de4 updateMask=status%2Cconfig
[debug] [2024-02-24T23:09:24.052Z] >>> [apiv2][body] PATCH https://firebasehosting.googleapis.com/v1beta1/projects/-/sites/on-our-terms/versions/8942d6c7ef952de4 {"status":"FINALIZED","config":{"rewrites":[{"glob":"**","path":"/index.html"}]}}
[debug] [2024-02-24T23:09:24.441Z] <<< [apiv2][status] PATCH https://firebasehosting.googleapis.com/v1beta1/projects/-/sites/on-our-terms/versions/8942d6c7ef952de4 200
[debug] [2024-02-24T23:09:24.441Z] <<< [apiv2][body] PATCH https://firebasehosting.googleapis.com/v1beta1/projects/-/sites/on-our-terms/versions/8942d6c7ef952de4 {"name":"projects/366420782301/sites/on-our-terms/versions/8942d6c7ef952de4","status":"FINALIZED","config":{"rewrites":[{"glob":"**","path":"/index.html"}]},"labels":{"deployment-tool":"cli-firebase"},"createTime":"2024-02-24T23:09:21.824003Z","createUser":{"email":"girividyas@gmail.com"},"finalizeTime":"2024-02-24T23:09:24.409971Z","finalizeUser":{"email":"girividyas@gmail.com"}}
[debug] [2024-02-24T23:09:24.441Z] [hosting] finalized version for on-our-terms:[object Object]
[info] ✔  hosting[on-our-terms]: version finalized 
[info] i  hosting[on-our-terms]: releasing new version... 
[debug] [2024-02-24T23:09:24.442Z] >>> [apiv2][query] POST https://firebasehosting.googleapis.com/v1beta1/projects/-/sites/on-our-terms/channels/live/releases versionName=projects%2F366420782301%2Fsites%2Fon-our-terms%2Fversions%2F8942d6c7ef952de4
[debug] [2024-02-24T23:09:24.442Z] >>> [apiv2][body] POST https://firebasehosting.googleapis.com/v1beta1/projects/-/sites/on-our-terms/channels/live/releases {}
